<?xml version="1.0" encoding="UTF-8"?>
<!-- Generated by org.testng.reporters.JUnitReportReporter -->
<testsuite hostname="MX-IT01115" name="RestAssuredTraining.TAETrainingREST.JSONResourcesTest" tests="6" failures="0" timestamp="4 Apr 2018 17:02:25 GMT" time="2.623" errors="0">
  <testcase name="testTodosResources" time="0.132" classname="RestAssuredTraining.TAETrainingREST.JSONResourcesTest"/>
  <testcase name="testPhotosResources" time="0.626" classname="RestAssuredTraining.TAETrainingREST.JSONResourcesTest"/>
  <testcase name="testAlbumsResources" time="1.347" classname="RestAssuredTraining.TAETrainingREST.JSONResourcesTest"/>
  <testcase name="testCommentsResources" time="0.203" classname="RestAssuredTraining.TAETrainingREST.JSONResourcesTest"/>
  <testcase name="testPostsResources" time="0.159" classname="RestAssuredTraining.TAETrainingREST.JSONResourcesTest"/>
  <testcase name="testUsersResources" time="0.156" classname="RestAssuredTraining.TAETrainingREST.JSONResourcesTest"/>
</testsuite> <!-- RestAssuredTraining.TAETrainingREST.JSONResourcesTest -->
